{"/Users/franckagbessi/Documents/01 Projects/T-JSF-600-TLS_3/api/index.js": {"path":"/Users/franckagbessi/Documents/01 Projects/T-JSF-600-TLS_3/api/index.js","statementMap":{"0":{"start":{"line":1,"column":16},"end":{"line":1,"column":34}},"1":{"start":{"line":2,"column":13},"end":{"line":2,"column":28}},"2":{"start":{"line":3,"column":17},"end":{"line":3,"column":37}},"3":{"start":{"line":4,"column":17},"end":{"line":4,"column":36}},"4":{"start":{"line":5,"column":13},"end":{"line":5,"column":28}},"5":{"start":{"line":6,"column":16},"end":{"line":6,"column":43}},"6":{"start":{"line":7,"column":13},"end":{"line":7,"column":37}},"7":{"start":{"line":8,"column":16},"end":{"line":8,"column":43}},"8":{"start":{"line":9,"column":15},"end":{"line":9,"column":32}},"9":{"start":{"line":12,"column":12},"end":{"line":12,"column":21}},"10":{"start":{"line":13,"column":15},"end":{"line":13,"column":37}},"11":{"start":{"line":14,"column":0},"end":{"line":14,"column":47}},"12":{"start":{"line":15,"column":11},"end":{"line":20,"column":2}},"13":{"start":{"line":22,"column":16},"end":{"line":29,"column":2}},"14":{"start":{"line":24,"column":4},"end":{"line":24,"column":25}},"15":{"start":{"line":27,"column":4},"end":{"line":27,"column":51}},"16":{"start":{"line":31,"column":15},"end":{"line":31,"column":43}},"17":{"start":{"line":34,"column":0},"end":{"line":38,"column":68}},"18":{"start":{"line":37,"column":14},"end":{"line":37,"column":49}},"19":{"start":{"line":38,"column":16},"end":{"line":38,"column":66}},"20":{"start":{"line":40,"column":20},"end":{"line":40,"column":22}},"21":{"start":{"line":41,"column":23},"end":{"line":41,"column":25}},"22":{"start":{"line":43,"column":0},"end":{"line":43,"column":24}},"23":{"start":{"line":44,"column":0},"end":{"line":44,"column":16}},"24":{"start":{"line":47,"column":28},"end":{"line":47,"column":79}},"25":{"start":{"line":49,"column":0},"end":{"line":60,"column":3}},"26":{"start":{"line":50,"column":2},"end":{"line":59,"column":3}},"27":{"start":{"line":51,"column":20},"end":{"line":51,"column":39}},"28":{"start":{"line":52,"column":24},"end":{"line":52,"column":39}},"29":{"start":{"line":54,"column":4},"end":{"line":58,"column":7}},"30":{"start":{"line":63,"column":0},"end":{"line":484,"column":3}},"31":{"start":{"line":64,"column":20},"end":{"line":64,"column":24}},"32":{"start":{"line":66,"column":2},"end":{"line":107,"column":5}},"33":{"start":{"line":67,"column":4},"end":{"line":70,"column":5}},"34":{"start":{"line":68,"column":6},"end":{"line":68,"column":56}},"35":{"start":{"line":69,"column":6},"end":{"line":69,"column":13}},"36":{"start":{"line":72,"column":4},"end":{"line":106,"column":5}},"37":{"start":{"line":73,"column":27},"end":{"line":73,"column":59}},"38":{"start":{"line":74,"column":6},"end":{"line":77,"column":7}},"39":{"start":{"line":75,"column":8},"end":{"line":75,"column":65}},"40":{"start":{"line":76,"column":8},"end":{"line":76,"column":15}},"41":{"start":{"line":79,"column":6},"end":{"line":79,"column":64}},"42":{"start":{"line":80,"column":6},"end":{"line":80,"column":31}},"43":{"start":{"line":81,"column":6},"end":{"line":81,"column":43}},"44":{"start":{"line":83,"column":26},"end":{"line":83,"column":35}},"45":{"start":{"line":84,"column":20},"end":{"line":84,"column":64}},"46":{"start":{"line":86,"column":6},"end":{"line":89,"column":7}},"47":{"start":{"line":87,"column":8},"end":{"line":87,"column":53}},"48":{"start":{"line":88,"column":8},"end":{"line":88,"column":29}},"49":{"start":{"line":91,"column":6},"end":{"line":91,"column":31}},"50":{"start":{"line":93,"column":6},"end":{"line":95,"column":7}},"51":{"start":{"line":94,"column":8},"end":{"line":94,"column":41}},"52":{"start":{"line":96,"column":6},"end":{"line":96,"column":61}},"53":{"start":{"line":98,"column":23},"end":{"line":98,"column":67}},"54":{"start":{"line":99,"column":6},"end":{"line":99,"column":70}},"55":{"start":{"line":101,"column":6},"end":{"line":101,"column":63}},"56":{"start":{"line":102,"column":6},"end":{"line":102,"column":46}},"57":{"start":{"line":104,"column":6},"end":{"line":104,"column":54}},"58":{"start":{"line":105,"column":6},"end":{"line":105,"column":72}},"59":{"start":{"line":109,"column":2},"end":{"line":140,"column":5}},"60":{"start":{"line":110,"column":4},"end":{"line":114,"column":5}},"61":{"start":{"line":112,"column":6},"end":{"line":112,"column":64}},"62":{"start":{"line":113,"column":6},"end":{"line":113,"column":13}},"63":{"start":{"line":116,"column":4},"end":{"line":139,"column":5}},"64":{"start":{"line":117,"column":30},"end":{"line":117,"column":74}},"65":{"start":{"line":119,"column":6},"end":{"line":122,"column":7}},"66":{"start":{"line":120,"column":8},"end":{"line":120,"column":69}},"67":{"start":{"line":121,"column":12},"end":{"line":121,"column":19}},"68":{"start":{"line":124,"column":22},"end":{"line":124,"column":56}},"69":{"start":{"line":125,"column":6},"end":{"line":125,"column":27}},"70":{"start":{"line":127,"column":6},"end":{"line":127,"column":31}},"71":{"start":{"line":128,"column":6},"end":{"line":128,"column":70}},"72":{"start":{"line":129,"column":6},"end":{"line":129,"column":61}},"73":{"start":{"line":131,"column":23},"end":{"line":131,"column":67}},"74":{"start":{"line":132,"column":6},"end":{"line":132,"column":70}},"75":{"start":{"line":134,"column":6},"end":{"line":134,"column":143}},"76":{"start":{"line":135,"column":6},"end":{"line":135,"column":95}},"77":{"start":{"line":137,"column":6},"end":{"line":137,"column":67}},"78":{"start":{"line":138,"column":6},"end":{"line":138,"column":111}},"79":{"start":{"line":142,"column":2},"end":{"line":167,"column":5}},"80":{"start":{"line":143,"column":4},"end":{"line":146,"column":5}},"81":{"start":{"line":144,"column":6},"end":{"line":144,"column":64}},"82":{"start":{"line":145,"column":6},"end":{"line":145,"column":13}},"83":{"start":{"line":148,"column":4},"end":{"line":166,"column":5}},"84":{"start":{"line":149,"column":22},"end":{"line":154,"column":8}},"85":{"start":{"line":155,"column":6},"end":{"line":155,"column":27}},"86":{"start":{"line":157,"column":6},"end":{"line":162,"column":9}},"87":{"start":{"line":164,"column":6},"end":{"line":164,"column":59}},"88":{"start":{"line":165,"column":6},"end":{"line":165,"column":72}},"89":{"start":{"line":169,"column":2},"end":{"line":174,"column":5}},"90":{"start":{"line":170,"column":4},"end":{"line":172,"column":5}},"91":{"start":{"line":171,"column":6},"end":{"line":171,"column":54}},"92":{"start":{"line":173,"column":4},"end":{"line":173,"column":58}},"93":{"start":{"line":177,"column":2},"end":{"line":198,"column":5}},"94":{"start":{"line":178,"column":4},"end":{"line":181,"column":5}},"95":{"start":{"line":179,"column":6},"end":{"line":179,"column":65}},"96":{"start":{"line":180,"column":6},"end":{"line":180,"column":13}},"97":{"start":{"line":183,"column":4},"end":{"line":183,"column":38}},"98":{"start":{"line":185,"column":3},"end":{"line":185,"column":28}},"99":{"start":{"line":186,"column":4},"end":{"line":186,"column":38}},"100":{"start":{"line":188,"column":4},"end":{"line":190,"column":5}},"101":{"start":{"line":189,"column":6},"end":{"line":189,"column":39}},"102":{"start":{"line":191,"column":4},"end":{"line":193,"column":5}},"103":{"start":{"line":192,"column":6},"end":{"line":192,"column":61}},"104":{"start":{"line":195,"column":21},"end":{"line":195,"column":65}},"105":{"start":{"line":196,"column":4},"end":{"line":196,"column":68}},"106":{"start":{"line":200,"column":2},"end":{"line":203,"column":5}},"107":{"start":{"line":201,"column":27},"end":{"line":201,"column":60}},"108":{"start":{"line":202,"column":4},"end":{"line":202,"column":54}},"109":{"start":{"line":205,"column":2},"end":{"line":246,"column":5}},"110":{"start":{"line":206,"column":4},"end":{"line":210,"column":5}},"111":{"start":{"line":208,"column":6},"end":{"line":208,"column":65}},"112":{"start":{"line":209,"column":6},"end":{"line":209,"column":13}},"113":{"start":{"line":212,"column":4},"end":{"line":245,"column":5}},"114":{"start":{"line":213,"column":20},"end":{"line":213,"column":64}},"115":{"start":{"line":215,"column":6},"end":{"line":225,"column":7}},"116":{"start":{"line":216,"column":32},"end":{"line":216,"column":76}},"117":{"start":{"line":217,"column":8},"end":{"line":221,"column":9}},"118":{"start":{"line":218,"column":10},"end":{"line":218,"column":104}},"119":{"start":{"line":220,"column":10},"end":{"line":220,"column":17}},"120":{"start":{"line":223,"column":8},"end":{"line":223,"column":53}},"121":{"start":{"line":224,"column":8},"end":{"line":224,"column":29}},"122":{"start":{"line":227,"column":6},"end":{"line":227,"column":31}},"123":{"start":{"line":229,"column":6},"end":{"line":231,"column":7}},"124":{"start":{"line":230,"column":8},"end":{"line":230,"column":41}},"125":{"start":{"line":232,"column":6},"end":{"line":234,"column":7}},"126":{"start":{"line":233,"column":8},"end":{"line":233,"column":63}},"127":{"start":{"line":236,"column":23},"end":{"line":236,"column":67}},"128":{"start":{"line":237,"column":6},"end":{"line":237,"column":70}},"129":{"start":{"line":239,"column":6},"end":{"line":239,"column":94}},"130":{"start":{"line":242,"column":6},"end":{"line":242,"column":53}},"131":{"start":{"line":243,"column":6},"end":{"line":243,"column":73}},"132":{"start":{"line":248,"column":2},"end":{"line":262,"column":5}},"133":{"start":{"line":249,"column":4},"end":{"line":252,"column":5}},"134":{"start":{"line":250,"column":6},"end":{"line":250,"column":65}},"135":{"start":{"line":251,"column":6},"end":{"line":251,"column":13}},"136":{"start":{"line":254,"column":4},"end":{"line":254,"column":30}},"137":{"start":{"line":256,"column":4},"end":{"line":258,"column":5}},"138":{"start":{"line":257,"column":6},"end":{"line":257,"column":110}},"139":{"start":{"line":257,"column":79},"end":{"line":257,"column":108}},"140":{"start":{"line":260,"column":4},"end":{"line":260,"column":90}},"141":{"start":{"line":264,"column":2},"end":{"line":280,"column":5}},"142":{"start":{"line":265,"column":4},"end":{"line":268,"column":5}},"143":{"start":{"line":266,"column":6},"end":{"line":266,"column":65}},"144":{"start":{"line":267,"column":6},"end":{"line":267,"column":13}},"145":{"start":{"line":270,"column":4},"end":{"line":279,"column":5}},"146":{"start":{"line":271,"column":22},"end":{"line":271,"column":114}},"147":{"start":{"line":272,"column":6},"end":{"line":272,"column":27}},"148":{"start":{"line":276,"column":6},"end":{"line":276,"column":53}},"149":{"start":{"line":277,"column":6},"end":{"line":277,"column":74}},"150":{"start":{"line":282,"column":2},"end":{"line":290,"column":5}},"151":{"start":{"line":283,"column":4},"end":{"line":289,"column":5}},"152":{"start":{"line":284,"column":23},"end":{"line":284,"column":43}},"153":{"start":{"line":285,"column":6},"end":{"line":285,"column":44}},"154":{"start":{"line":287,"column":6},"end":{"line":287,"column":57}},"155":{"start":{"line":288,"column":6},"end":{"line":288,"column":60}},"156":{"start":{"line":292,"column":2},"end":{"line":336,"column":5}},"157":{"start":{"line":293,"column":4},"end":{"line":295,"column":5}},"158":{"start":{"line":294,"column":6},"end":{"line":294,"column":95}},"159":{"start":{"line":297,"column":4},"end":{"line":335,"column":9}},"160":{"start":{"line":299,"column":8},"end":{"line":301,"column":9}},"161":{"start":{"line":300,"column":10},"end":{"line":300,"column":87}},"162":{"start":{"line":303,"column":8},"end":{"line":330,"column":13}},"163":{"start":{"line":305,"column":12},"end":{"line":307,"column":13}},"164":{"start":{"line":306,"column":14},"end":{"line":306,"column":105}},"165":{"start":{"line":309,"column":12},"end":{"line":309,"column":42}},"166":{"start":{"line":310,"column":12},"end":{"line":325,"column":17}},"167":{"start":{"line":312,"column":16},"end":{"line":320,"column":21}},"168":{"start":{"line":314,"column":20},"end":{"line":314,"column":78}},"169":{"start":{"line":315,"column":20},"end":{"line":315,"column":48}},"170":{"start":{"line":318,"column":20},"end":{"line":318,"column":86}},"171":{"start":{"line":319,"column":20},"end":{"line":319,"column":105}},"172":{"start":{"line":323,"column":16},"end":{"line":323,"column":35}},"173":{"start":{"line":324,"column":16},"end":{"line":324,"column":97}},"174":{"start":{"line":328,"column":12},"end":{"line":328,"column":31}},"175":{"start":{"line":329,"column":12},"end":{"line":329,"column":91}},"176":{"start":{"line":333,"column":8},"end":{"line":333,"column":27}},"177":{"start":{"line":334,"column":8},"end":{"line":334,"column":105}},"178":{"start":{"line":337,"column":2},"end":{"line":366,"column":5}},"179":{"start":{"line":338,"column":4},"end":{"line":341,"column":5}},"180":{"start":{"line":339,"column":6},"end":{"line":339,"column":64}},"181":{"start":{"line":340,"column":6},"end":{"line":340,"column":13}},"182":{"start":{"line":343,"column":4},"end":{"line":365,"column":5}},"183":{"start":{"line":344,"column":27},"end":{"line":344,"column":72}},"184":{"start":{"line":345,"column":6},"end":{"line":348,"column":7}},"185":{"start":{"line":346,"column":8},"end":{"line":346,"column":74}},"186":{"start":{"line":347,"column":8},"end":{"line":347,"column":15}},"187":{"start":{"line":350,"column":6},"end":{"line":350,"column":41}},"188":{"start":{"line":351,"column":6},"end":{"line":351,"column":31}},"189":{"start":{"line":353,"column":6},"end":{"line":353,"column":100}},"190":{"start":{"line":355,"column":6},"end":{"line":355,"column":52}},"191":{"start":{"line":357,"column":6},"end":{"line":357,"column":92}},"192":{"start":{"line":359,"column":6},"end":{"line":359,"column":96}},"193":{"start":{"line":362,"column":6},"end":{"line":362,"column":71}},"194":{"start":{"line":363,"column":6},"end":{"line":363,"column":71}},"195":{"start":{"line":364,"column":6},"end":{"line":364,"column":88}},"196":{"start":{"line":370,"column":2},"end":{"line":403,"column":5}},"197":{"start":{"line":371,"column":4},"end":{"line":375,"column":5}},"198":{"start":{"line":372,"column":6},"end":{"line":372,"column":68}},"199":{"start":{"line":374,"column":6},"end":{"line":374,"column":13}},"200":{"start":{"line":377,"column":4},"end":{"line":402,"column":5}},"201":{"start":{"line":378,"column":22},"end":{"line":378,"column":75}},"202":{"start":{"line":380,"column":6},"end":{"line":384,"column":7}},"203":{"start":{"line":381,"column":8},"end":{"line":381,"column":75}},"204":{"start":{"line":383,"column":8},"end":{"line":383,"column":15}},"205":{"start":{"line":386,"column":6},"end":{"line":392,"column":7}},"206":{"start":{"line":387,"column":8},"end":{"line":390,"column":11}},"207":{"start":{"line":388,"column":10},"end":{"line":388,"column":86}},"208":{"start":{"line":391,"column":8},"end":{"line":391,"column":43}},"209":{"start":{"line":394,"column":6},"end":{"line":394,"column":76}},"210":{"start":{"line":396,"column":23},"end":{"line":396,"column":43}},"211":{"start":{"line":397,"column":6},"end":{"line":397,"column":40}},"212":{"start":{"line":399,"column":6},"end":{"line":399,"column":54}},"213":{"start":{"line":400,"column":6},"end":{"line":400,"column":75}},"214":{"start":{"line":405,"column":0},"end":{"line":455,"column":3}},"215":{"start":{"line":406,"column":2},"end":{"line":409,"column":3}},"216":{"start":{"line":407,"column":4},"end":{"line":407,"column":62}},"217":{"start":{"line":408,"column":4},"end":{"line":408,"column":11}},"218":{"start":{"line":411,"column":2},"end":{"line":414,"column":3}},"219":{"start":{"line":412,"column":4},"end":{"line":412,"column":81}},"220":{"start":{"line":413,"column":4},"end":{"line":413,"column":11}},"221":{"start":{"line":416,"column":2},"end":{"line":454,"column":3}},"222":{"start":{"line":417,"column":21},"end":{"line":417,"column":71}},"223":{"start":{"line":419,"column":4},"end":{"line":422,"column":5}},"224":{"start":{"line":420,"column":6},"end":{"line":420,"column":85}},"225":{"start":{"line":421,"column":6},"end":{"line":421,"column":13}},"226":{"start":{"line":424,"column":20},"end":{"line":429,"column":6}},"227":{"start":{"line":431,"column":4},"end":{"line":431,"column":25}},"228":{"start":{"line":434,"column":4},"end":{"line":438,"column":7}},"229":{"start":{"line":440,"column":4},"end":{"line":444,"column":7}},"230":{"start":{"line":446,"column":4},"end":{"line":449,"column":7}},"231":{"start":{"line":452,"column":4},"end":{"line":452,"column":59}},"232":{"start":{"line":453,"column":4},"end":{"line":453,"column":78}},"233":{"start":{"line":460,"column":2},"end":{"line":482,"column":5}},"234":{"start":{"line":461,"column":4},"end":{"line":464,"column":5}},"235":{"start":{"line":462,"column":6},"end":{"line":462,"column":94}},"236":{"start":{"line":463,"column":6},"end":{"line":463,"column":13}},"237":{"start":{"line":466,"column":4},"end":{"line":481,"column":5}},"238":{"start":{"line":467,"column":6},"end":{"line":467,"column":63}},"239":{"start":{"line":469,"column":6},"end":{"line":469,"column":75}},"240":{"start":{"line":471,"column":6},"end":{"line":473,"column":7}},"241":{"start":{"line":472,"column":8},"end":{"line":472,"column":112}},"242":{"start":{"line":472,"column":81},"end":{"line":472,"column":110}},"243":{"start":{"line":475,"column":6},"end":{"line":475,"column":36}},"244":{"start":{"line":477,"column":6},"end":{"line":477,"column":26}},"245":{"start":{"line":479,"column":6},"end":{"line":479,"column":56}},"246":{"start":{"line":480,"column":6},"end":{"line":480,"column":73}},"247":{"start":{"line":486,"column":0},"end":{"line":486,"column":82}},"248":{"start":{"line":486,"column":26},"end":{"line":486,"column":80}}},"fnMap":{"0":{"name":"(anonymous_0)","decl":{"start":{"line":23,"column":15},"end":{"line":23,"column":16}},"loc":{"start":{"line":23,"column":34},"end":{"line":25,"column":3}},"line":23},"1":{"name":"(anonymous_1)","decl":{"start":{"line":26,"column":12},"end":{"line":26,"column":13}},"loc":{"start":{"line":26,"column":31},"end":{"line":28,"column":3}},"line":26},"2":{"name":"(anonymous_2)","decl":{"start":{"line":37,"column":8},"end":{"line":37,"column":9}},"loc":{"start":{"line":37,"column":14},"end":{"line":37,"column":49}},"line":37},"3":{"name":"(anonymous_3)","decl":{"start":{"line":38,"column":9},"end":{"line":38,"column":10}},"loc":{"start":{"line":38,"column":16},"end":{"line":38,"column":66}},"line":38},"4":{"name":"(anonymous_4)","decl":{"start":{"line":49,"column":33},"end":{"line":49,"column":34}},"loc":{"start":{"line":49,"column":51},"end":{"line":60,"column":1}},"line":49},"5":{"name":"(anonymous_5)","decl":{"start":{"line":63,"column":20},"end":{"line":63,"column":21}},"loc":{"start":{"line":63,"column":32},"end":{"line":484,"column":1}},"line":63},"6":{"name":"(anonymous_6)","decl":{"start":{"line":66,"column":27},"end":{"line":66,"column":28}},"loc":{"start":{"line":66,"column":47},"end":{"line":107,"column":3}},"line":66},"7":{"name":"(anonymous_7)","decl":{"start":{"line":109,"column":29},"end":{"line":109,"column":30}},"loc":{"start":{"line":109,"column":52},"end":{"line":140,"column":3}},"line":109},"8":{"name":"(anonymous_8)","decl":{"start":{"line":142,"column":32},"end":{"line":142,"column":33}},"loc":{"start":{"line":142,"column":67},"end":{"line":167,"column":3}},"line":142},"9":{"name":"(anonymous_9)","decl":{"start":{"line":169,"column":45},"end":{"line":169,"column":46}},"loc":{"start":{"line":169,"column":59},"end":{"line":174,"column":3}},"line":169},"10":{"name":"(anonymous_10)","decl":{"start":{"line":177,"column":29},"end":{"line":177,"column":30}},"loc":{"start":{"line":177,"column":52},"end":{"line":198,"column":3}},"line":177},"11":{"name":"(anonymous_11)","decl":{"start":{"line":200,"column":34},"end":{"line":200,"column":35}},"loc":{"start":{"line":200,"column":51},"end":{"line":203,"column":3}},"line":200},"12":{"name":"(anonymous_12)","decl":{"start":{"line":205,"column":27},"end":{"line":205,"column":28}},"loc":{"start":{"line":205,"column":50},"end":{"line":246,"column":3}},"line":205},"13":{"name":"(anonymous_13)","decl":{"start":{"line":248,"column":28},"end":{"line":248,"column":29}},"loc":{"start":{"line":248,"column":45},"end":{"line":262,"column":3}},"line":248},"14":{"name":"(anonymous_14)","decl":{"start":{"line":257,"column":71},"end":{"line":257,"column":72}},"loc":{"start":{"line":257,"column":79},"end":{"line":257,"column":108}},"line":257},"15":{"name":"(anonymous_15)","decl":{"start":{"line":264,"column":27},"end":{"line":264,"column":28}},"loc":{"start":{"line":264,"column":66},"end":{"line":280,"column":3}},"line":264},"16":{"name":"(anonymous_16)","decl":{"start":{"line":282,"column":28},"end":{"line":282,"column":29}},"loc":{"start":{"line":282,"column":40},"end":{"line":290,"column":3}},"line":282},"17":{"name":"(anonymous_17)","decl":{"start":{"line":292,"column":29},"end":{"line":292,"column":30}},"loc":{"start":{"line":292,"column":75},"end":{"line":336,"column":3}},"line":292},"18":{"name":"(anonymous_18)","decl":{"start":{"line":298,"column":12},"end":{"line":298,"column":13}},"loc":{"start":{"line":298,"column":31},"end":{"line":331,"column":7}},"line":298},"19":{"name":"(anonymous_19)","decl":{"start":{"line":304,"column":16},"end":{"line":304,"column":17}},"loc":{"start":{"line":304,"column":27},"end":{"line":326,"column":11}},"line":304},"20":{"name":"(anonymous_20)","decl":{"start":{"line":311,"column":20},"end":{"line":311,"column":21}},"loc":{"start":{"line":311,"column":26},"end":{"line":321,"column":15}},"line":311},"21":{"name":"(anonymous_21)","decl":{"start":{"line":313,"column":24},"end":{"line":313,"column":25}},"loc":{"start":{"line":313,"column":30},"end":{"line":316,"column":19}},"line":313},"22":{"name":"(anonymous_22)","decl":{"start":{"line":317,"column":25},"end":{"line":317,"column":26}},"loc":{"start":{"line":317,"column":32},"end":{"line":320,"column":19}},"line":317},"23":{"name":"(anonymous_23)","decl":{"start":{"line":322,"column":21},"end":{"line":322,"column":22}},"loc":{"start":{"line":322,"column":28},"end":{"line":325,"column":15}},"line":322},"24":{"name":"(anonymous_24)","decl":{"start":{"line":327,"column":17},"end":{"line":327,"column":18}},"loc":{"start":{"line":327,"column":24},"end":{"line":330,"column":11}},"line":327},"25":{"name":"(anonymous_25)","decl":{"start":{"line":332,"column":13},"end":{"line":332,"column":14}},"loc":{"start":{"line":332,"column":20},"end":{"line":335,"column":7}},"line":332},"26":{"name":"(anonymous_26)","decl":{"start":{"line":337,"column":30},"end":{"line":337,"column":31}},"loc":{"start":{"line":337,"column":63},"end":{"line":366,"column":3}},"line":337},"27":{"name":"(anonymous_27)","decl":{"start":{"line":370,"column":29},"end":{"line":370,"column":30}},"loc":{"start":{"line":370,"column":52},"end":{"line":403,"column":3}},"line":370},"28":{"name":"(anonymous_28)","decl":{"start":{"line":387,"column":44},"end":{"line":387,"column":45}},"loc":{"start":{"line":387,"column":58},"end":{"line":390,"column":9}},"line":387},"29":{"name":"(anonymous_29)","decl":{"start":{"line":405,"column":32},"end":{"line":405,"column":33}},"loc":{"start":{"line":405,"column":76},"end":{"line":455,"column":1}},"line":405},"30":{"name":"(anonymous_30)","decl":{"start":{"line":460,"column":30},"end":{"line":460,"column":31}},"loc":{"start":{"line":460,"column":42},"end":{"line":482,"column":3}},"line":460},"31":{"name":"(anonymous_31)","decl":{"start":{"line":472,"column":73},"end":{"line":472,"column":74}},"loc":{"start":{"line":472,"column":81},"end":{"line":472,"column":110}},"line":472},"32":{"name":"(anonymous_32)","decl":{"start":{"line":486,"column":20},"end":{"line":486,"column":21}},"loc":{"start":{"line":486,"column":26},"end":{"line":486,"column":80}},"line":486}},"branchMap":{"0":{"loc":{"start":{"line":50,"column":2},"end":{"line":59,"column":3}},"type":"if","locations":[{"start":{"line":50,"column":2},"end":{"line":59,"column":3}},{"start":{},"end":{}}],"line":50},"1":{"loc":{"start":{"line":67,"column":4},"end":{"line":70,"column":5}},"type":"if","locations":[{"start":{"line":67,"column":4},"end":{"line":70,"column":5}},{"start":{},"end":{}}],"line":67},"2":{"loc":{"start":{"line":74,"column":6},"end":{"line":77,"column":7}},"type":"if","locations":[{"start":{"line":74,"column":6},"end":{"line":77,"column":7}},{"start":{},"end":{}}],"line":74},"3":{"loc":{"start":{"line":86,"column":6},"end":{"line":89,"column":7}},"type":"if","locations":[{"start":{"line":86,"column":6},"end":{"line":89,"column":7}},{"start":{},"end":{}}],"line":86},"4":{"loc":{"start":{"line":93,"column":6},"end":{"line":95,"column":7}},"type":"if","locations":[{"start":{"line":93,"column":6},"end":{"line":95,"column":7}},{"start":{},"end":{}}],"line":93},"5":{"loc":{"start":{"line":110,"column":4},"end":{"line":114,"column":5}},"type":"if","locations":[{"start":{"line":110,"column":4},"end":{"line":114,"column":5}},{"start":{},"end":{}}],"line":110},"6":{"loc":{"start":{"line":119,"column":6},"end":{"line":122,"column":7}},"type":"if","locations":[{"start":{"line":119,"column":6},"end":{"line":122,"column":7}},{"start":{},"end":{}}],"line":119},"7":{"loc":{"start":{"line":128,"column":36},"end":{"line":128,"column":69}},"type":"binary-expr","locations":[{"start":{"line":128,"column":36},"end":{"line":128,"column":63}},{"start":{"line":128,"column":67},"end":{"line":128,"column":69}}],"line":128},"8":{"loc":{"start":{"line":143,"column":4},"end":{"line":146,"column":5}},"type":"if","locations":[{"start":{"line":143,"column":4},"end":{"line":146,"column":5}},{"start":{},"end":{}}],"line":143},"9":{"loc":{"start":{"line":170,"column":4},"end":{"line":172,"column":5}},"type":"if","locations":[{"start":{"line":170,"column":4},"end":{"line":172,"column":5}},{"start":{},"end":{}}],"line":170},"10":{"loc":{"start":{"line":178,"column":4},"end":{"line":181,"column":5}},"type":"if","locations":[{"start":{"line":178,"column":4},"end":{"line":181,"column":5}},{"start":{},"end":{}}],"line":178},"11":{"loc":{"start":{"line":188,"column":4},"end":{"line":190,"column":5}},"type":"if","locations":[{"start":{"line":188,"column":4},"end":{"line":190,"column":5}},{"start":{},"end":{}}],"line":188},"12":{"loc":{"start":{"line":191,"column":4},"end":{"line":193,"column":5}},"type":"if","locations":[{"start":{"line":191,"column":4},"end":{"line":193,"column":5}},{"start":{},"end":{}}],"line":191},"13":{"loc":{"start":{"line":201,"column":27},"end":{"line":201,"column":60}},"type":"binary-expr","locations":[{"start":{"line":201,"column":27},"end":{"line":201,"column":54}},{"start":{"line":201,"column":58},"end":{"line":201,"column":60}}],"line":201},"14":{"loc":{"start":{"line":206,"column":4},"end":{"line":210,"column":5}},"type":"if","locations":[{"start":{"line":206,"column":4},"end":{"line":210,"column":5}},{"start":{},"end":{}}],"line":206},"15":{"loc":{"start":{"line":215,"column":6},"end":{"line":225,"column":7}},"type":"if","locations":[{"start":{"line":215,"column":6},"end":{"line":225,"column":7}},{"start":{},"end":{}}],"line":215},"16":{"loc":{"start":{"line":217,"column":8},"end":{"line":221,"column":9}},"type":"if","locations":[{"start":{"line":217,"column":8},"end":{"line":221,"column":9}},{"start":{},"end":{}}],"line":217},"17":{"loc":{"start":{"line":229,"column":6},"end":{"line":231,"column":7}},"type":"if","locations":[{"start":{"line":229,"column":6},"end":{"line":231,"column":7}},{"start":{},"end":{}}],"line":229},"18":{"loc":{"start":{"line":232,"column":6},"end":{"line":234,"column":7}},"type":"if","locations":[{"start":{"line":232,"column":6},"end":{"line":234,"column":7}},{"start":{},"end":{}}],"line":232},"19":{"loc":{"start":{"line":249,"column":4},"end":{"line":252,"column":5}},"type":"if","locations":[{"start":{"line":249,"column":4},"end":{"line":252,"column":5}},{"start":{},"end":{}}],"line":249},"20":{"loc":{"start":{"line":256,"column":4},"end":{"line":258,"column":5}},"type":"if","locations":[{"start":{"line":256,"column":4},"end":{"line":258,"column":5}},{"start":{},"end":{}}],"line":256},"21":{"loc":{"start":{"line":265,"column":4},"end":{"line":268,"column":5}},"type":"if","locations":[{"start":{"line":265,"column":4},"end":{"line":268,"column":5}},{"start":{},"end":{}}],"line":265},"22":{"loc":{"start":{"line":293,"column":4},"end":{"line":295,"column":5}},"type":"if","locations":[{"start":{"line":293,"column":4},"end":{"line":295,"column":5}},{"start":{},"end":{}}],"line":293},"23":{"loc":{"start":{"line":293,"column":8},"end":{"line":293,"column":42}},"type":"binary-expr","locations":[{"start":{"line":293,"column":8},"end":{"line":293,"column":23}},{"start":{"line":293,"column":27},"end":{"line":293,"column":42}}],"line":293},"24":{"loc":{"start":{"line":299,"column":8},"end":{"line":301,"column":9}},"type":"if","locations":[{"start":{"line":299,"column":8},"end":{"line":301,"column":9}},{"start":{},"end":{}}],"line":299},"25":{"loc":{"start":{"line":305,"column":12},"end":{"line":307,"column":13}},"type":"if","locations":[{"start":{"line":305,"column":12},"end":{"line":307,"column":13}},{"start":{},"end":{}}],"line":305},"26":{"loc":{"start":{"line":338,"column":4},"end":{"line":341,"column":5}},"type":"if","locations":[{"start":{"line":338,"column":4},"end":{"line":341,"column":5}},{"start":{},"end":{}}],"line":338},"27":{"loc":{"start":{"line":345,"column":6},"end":{"line":348,"column":7}},"type":"if","locations":[{"start":{"line":345,"column":6},"end":{"line":348,"column":7}},{"start":{},"end":{}}],"line":345},"28":{"loc":{"start":{"line":371,"column":4},"end":{"line":375,"column":5}},"type":"if","locations":[{"start":{"line":371,"column":4},"end":{"line":375,"column":5}},{"start":{},"end":{}}],"line":371},"29":{"loc":{"start":{"line":380,"column":6},"end":{"line":384,"column":7}},"type":"if","locations":[{"start":{"line":380,"column":6},"end":{"line":384,"column":7}},{"start":{},"end":{}}],"line":380},"30":{"loc":{"start":{"line":386,"column":6},"end":{"line":392,"column":7}},"type":"if","locations":[{"start":{"line":386,"column":6},"end":{"line":392,"column":7}},{"start":{},"end":{}}],"line":386},"31":{"loc":{"start":{"line":406,"column":2},"end":{"line":409,"column":3}},"type":"if","locations":[{"start":{"line":406,"column":2},"end":{"line":409,"column":3}},{"start":{},"end":{}}],"line":406},"32":{"loc":{"start":{"line":411,"column":2},"end":{"line":414,"column":3}},"type":"if","locations":[{"start":{"line":411,"column":2},"end":{"line":414,"column":3}},{"start":{},"end":{}}],"line":411},"33":{"loc":{"start":{"line":419,"column":4},"end":{"line":422,"column":5}},"type":"if","locations":[{"start":{"line":419,"column":4},"end":{"line":422,"column":5}},{"start":{},"end":{}}],"line":419},"34":{"loc":{"start":{"line":461,"column":4},"end":{"line":464,"column":5}},"type":"if","locations":[{"start":{"line":461,"column":4},"end":{"line":464,"column":5}},{"start":{},"end":{}}],"line":461}},"s":{"0":1,"1":1,"2":1,"3":1,"4":1,"5":1,"6":1,"7":1,"8":1,"9":1,"10":1,"11":1,"12":1,"13":1,"14":0,"15":0,"16":1,"17":1,"18":1,"19":0,"20":1,"21":1,"22":1,"23":1,"24":1,"25":1,"26":0,"27":0,"28":0,"29":0,"30":1,"31":0,"32":0,"33":0,"34":0,"35":0,"36":0,"37":0,"38":0,"39":0,"40":0,"41":0,"42":0,"43":0,"44":0,"45":0,"46":0,"47":0,"48":0,"49":0,"50":0,"51":0,"52":0,"53":0,"54":0,"55":0,"56":0,"57":0,"58":0,"59":0,"60":0,"61":0,"62":0,"63":0,"64":0,"65":0,"66":0,"67":0,"68":0,"69":0,"70":0,"71":0,"72":0,"73":0,"74":0,"75":0,"76":0,"77":0,"78":0,"79":0,"80":0,"81":0,"82":0,"83":0,"84":0,"85":0,"86":0,"87":0,"88":0,"89":0,"90":0,"91":0,"92":0,"93":0,"94":0,"95":0,"96":0,"97":0,"98":0,"99":0,"100":0,"101":0,"102":0,"103":0,"104":0,"105":0,"106":0,"107":0,"108":0,"109":0,"110":0,"111":0,"112":0,"113":0,"114":0,"115":0,"116":0,"117":0,"118":0,"119":0,"120":0,"121":0,"122":0,"123":0,"124":0,"125":0,"126":0,"127":0,"128":0,"129":0,"130":0,"131":0,"132":0,"133":0,"134":0,"135":0,"136":0,"137":0,"138":0,"139":0,"140":0,"141":0,"142":0,"143":0,"144":0,"145":0,"146":0,"147":0,"148":0,"149":0,"150":0,"151":0,"152":0,"153":0,"154":0,"155":0,"156":0,"157":0,"158":0,"159":0,"160":0,"161":0,"162":0,"163":0,"164":0,"165":0,"166":0,"167":0,"168":0,"169":0,"170":0,"171":0,"172":0,"173":0,"174":0,"175":0,"176":0,"177":0,"178":0,"179":0,"180":0,"181":0,"182":0,"183":0,"184":0,"185":0,"186":0,"187":0,"188":0,"189":0,"190":0,"191":0,"192":0,"193":0,"194":0,"195":0,"196":0,"197":0,"198":0,"199":0,"200":0,"201":0,"202":0,"203":0,"204":0,"205":0,"206":0,"207":0,"208":0,"209":0,"210":0,"211":0,"212":0,"213":0,"214":0,"215":0,"216":0,"217":0,"218":0,"219":0,"220":0,"221":0,"222":0,"223":0,"224":0,"225":0,"226":0,"227":0,"228":0,"229":0,"230":0,"231":0,"232":0,"233":0,"234":0,"235":0,"236":0,"237":0,"238":0,"239":0,"240":0,"241":0,"242":0,"243":0,"244":0,"245":0,"246":0,"247":1,"248":1},"f":{"0":0,"1":0,"2":1,"3":0,"4":0,"5":0,"6":0,"7":0,"8":0,"9":0,"10":0,"11":0,"12":0,"13":0,"14":0,"15":0,"16":0,"17":0,"18":0,"19":0,"20":0,"21":0,"22":0,"23":0,"24":0,"25":0,"26":0,"27":0,"28":0,"29":0,"30":0,"31":0,"32":1},"b":{"0":[0,0],"1":[0,0],"2":[0,0],"3":[0,0],"4":[0,0],"5":[0,0],"6":[0,0],"7":[0,0],"8":[0,0],"9":[0,0],"10":[0,0],"11":[0,0],"12":[0,0],"13":[0,0],"14":[0,0],"15":[0,0],"16":[0,0],"17":[0,0],"18":[0,0],"19":[0,0],"20":[0,0],"21":[0,0],"22":[0,0],"23":[0,0],"24":[0,0],"25":[0,0],"26":[0,0],"27":[0,0],"28":[0,0],"29":[0,0],"30":[0,0],"31":[0,0],"32":[0,0],"33":[0,0],"34":[0,0]},"_coverageSchema":"1a1c01bbd47fc00a2c39e90264f33305004495a9","hash":"e2c082fd7d3c2d5622d3172efcad5d77c1474457"}
,"/Users/franckagbessi/Documents/01 Projects/T-JSF-600-TLS_3/api/models/Channel.js": {"path":"/Users/franckagbessi/Documents/01 Projects/T-JSF-600-TLS_3/api/models/Channel.js","statementMap":{"0":{"start":{"line":1,"column":17},"end":{"line":1,"column":36}},"1":{"start":{"line":3,"column":22},"end":{"line":9,"column":2}},"2":{"start":{"line":11,"column":0},"end":{"line":11,"column":58}}},"fnMap":{},"branchMap":{},"s":{"0":1,"1":1,"2":1},"f":{},"b":{},"_coverageSchema":"1a1c01bbd47fc00a2c39e90264f33305004495a9","hash":"7c3bf7a2fa94b6d881fe456d929a3e0071ad964b"}
,"/Users/franckagbessi/Documents/01 Projects/T-JSF-600-TLS_3/api/models/Message.js": {"path":"/Users/franckagbessi/Documents/01 Projects/T-JSF-600-TLS_3/api/models/Message.js","statementMap":{"0":{"start":{"line":1,"column":17},"end":{"line":1,"column":36}},"1":{"start":{"line":2,"column":15},"end":{"line":2,"column":30}},"2":{"start":{"line":4,"column":22},"end":{"line":10,"column":2}},"3":{"start":{"line":12,"column":0},"end":{"line":12,"column":58}}},"fnMap":{},"branchMap":{},"s":{"0":1,"1":1,"2":1,"3":1},"f":{},"b":{},"_coverageSchema":"1a1c01bbd47fc00a2c39e90264f33305004495a9","hash":"f1de033aa5ae8aabafd8149b65c0c2c08e297c16"}
,"/Users/franckagbessi/Documents/01 Projects/T-JSF-600-TLS_3/api/models/User.js": {"path":"/Users/franckagbessi/Documents/01 Projects/T-JSF-600-TLS_3/api/models/User.js","statementMap":{"0":{"start":{"line":1,"column":17},"end":{"line":1,"column":36}},"1":{"start":{"line":3,"column":19},"end":{"line":17,"column":2}},"2":{"start":{"line":19,"column":0},"end":{"line":19,"column":52}}},"fnMap":{},"branchMap":{},"s":{"0":1,"1":1,"2":1},"f":{},"b":{},"_coverageSchema":"1a1c01bbd47fc00a2c39e90264f33305004495a9","hash":"c2f8100607a39a551d2d7a1430bb43cfe2351e7e"}
}
