TN:
SF:index.js
FN:23,(anonymous_0)
FN:26,(anonymous_1)
FN:37,(anonymous_2)
FN:38,(anonymous_3)
FN:49,(anonymous_4)
FN:63,(anonymous_5)
FN:66,(anonymous_6)
FN:109,(anonymous_7)
FN:142,(anonymous_8)
FN:169,(anonymous_9)
FN:177,(anonymous_10)
FN:200,(anonymous_11)
FN:205,(anonymous_12)
FN:248,(anonymous_13)
FN:257,(anonymous_14)
FN:264,(anonymous_15)
FN:282,(anonymous_16)
FN:292,(anonymous_17)
FN:298,(anonymous_18)
FN:304,(anonymous_19)
FN:311,(anonymous_20)
FN:313,(anonymous_21)
FN:317,(anonymous_22)
FN:322,(anonymous_23)
FN:327,(anonymous_24)
FN:332,(anonymous_25)
FN:337,(anonymous_26)
FN:370,(anonymous_27)
FN:387,(anonymous_28)
FN:405,(anonymous_29)
FN:460,(anonymous_30)
FN:472,(anonymous_31)
FN:486,(anonymous_32)
FNF:33
FNH:2
FNDA:0,(anonymous_0)
FNDA:0,(anonymous_1)
FNDA:1,(anonymous_2)
FNDA:0,(anonymous_3)
FNDA:0,(anonymous_4)
FNDA:0,(anonymous_5)
FNDA:0,(anonymous_6)
FNDA:0,(anonymous_7)
FNDA:0,(anonymous_8)
FNDA:0,(anonymous_9)
FNDA:0,(anonymous_10)
FNDA:0,(anonymous_11)
FNDA:0,(anonymous_12)
FNDA:0,(anonymous_13)
FNDA:0,(anonymous_14)
FNDA:0,(anonymous_15)
FNDA:0,(anonymous_16)
FNDA:0,(anonymous_17)
FNDA:0,(anonymous_18)
FNDA:0,(anonymous_19)
FNDA:0,(anonymous_20)
FNDA:0,(anonymous_21)
FNDA:0,(anonymous_22)
FNDA:0,(anonymous_23)
FNDA:0,(anonymous_24)
FNDA:0,(anonymous_25)
FNDA:0,(anonymous_26)
FNDA:0,(anonymous_27)
FNDA:0,(anonymous_28)
FNDA:0,(anonymous_29)
FNDA:0,(anonymous_30)
FNDA:0,(anonymous_31)
FNDA:1,(anonymous_32)
DA:1,1
DA:2,1
DA:3,1
DA:4,1
DA:5,1
DA:6,1
DA:7,1
DA:8,1
DA:9,1
DA:12,1
DA:13,1
DA:14,1
DA:15,1
DA:22,1
DA:24,0
DA:27,0
DA:31,1
DA:34,1
DA:37,1
DA:38,0
DA:40,1
DA:41,1
DA:43,1
DA:44,1
DA:47,1
DA:49,1
DA:50,0
DA:51,0
DA:52,0
DA:54,0
DA:63,1
DA:64,0
DA:66,0
DA:67,0
DA:68,0
DA:69,0
DA:72,0
DA:73,0
DA:74,0
DA:75,0
DA:76,0
DA:79,0
DA:80,0
DA:81,0
DA:83,0
DA:84,0
DA:86,0
DA:87,0
DA:88,0
DA:91,0
DA:93,0
DA:94,0
DA:96,0
DA:98,0
DA:99,0
DA:101,0
DA:102,0
DA:104,0
DA:105,0
DA:109,0
DA:110,0
DA:112,0
DA:113,0
DA:116,0
DA:117,0
DA:119,0
DA:120,0
DA:121,0
DA:124,0
DA:125,0
DA:127,0
DA:128,0
DA:129,0
DA:131,0
DA:132,0
DA:134,0
DA:135,0
DA:137,0
DA:138,0
DA:142,0
DA:143,0
DA:144,0
DA:145,0
DA:148,0
DA:149,0
DA:155,0
DA:157,0
DA:164,0
DA:165,0
DA:169,0
DA:170,0
DA:171,0
DA:173,0
DA:177,0
DA:178,0
DA:179,0
DA:180,0
DA:183,0
DA:185,0
DA:186,0
DA:188,0
DA:189,0
DA:191,0
DA:192,0
DA:195,0
DA:196,0
DA:200,0
DA:201,0
DA:202,0
DA:205,0
DA:206,0
DA:208,0
DA:209,0
DA:212,0
DA:213,0
DA:215,0
DA:216,0
DA:217,0
DA:218,0
DA:220,0
DA:223,0
DA:224,0
DA:227,0
DA:229,0
DA:230,0
DA:232,0
DA:233,0
DA:236,0
DA:237,0
DA:239,0
DA:242,0
DA:243,0
DA:248,0
DA:249,0
DA:250,0
DA:251,0
DA:254,0
DA:256,0
DA:257,0
DA:260,0
DA:264,0
DA:265,0
DA:266,0
DA:267,0
DA:270,0
DA:271,0
DA:272,0
DA:276,0
DA:277,0
DA:282,0
DA:283,0
DA:284,0
DA:285,0
DA:287,0
DA:288,0
DA:292,0
DA:293,0
DA:294,0
DA:297,0
DA:299,0
DA:300,0
DA:303,0
DA:305,0
DA:306,0
DA:309,0
DA:310,0
DA:312,0
DA:314,0
DA:315,0
DA:318,0
DA:319,0
DA:323,0
DA:324,0
DA:328,0
DA:329,0
DA:333,0
DA:334,0
DA:337,0
DA:338,0
DA:339,0
DA:340,0
DA:343,0
DA:344,0
DA:345,0
DA:346,0
DA:347,0
DA:350,0
DA:351,0
DA:353,0
DA:355,0
DA:357,0
DA:359,0
DA:362,0
DA:363,0
DA:364,0
DA:370,0
DA:371,0
DA:372,0
DA:374,0
DA:377,0
DA:378,0
DA:380,0
DA:381,0
DA:383,0
DA:386,0
DA:387,0
DA:388,0
DA:391,0
DA:394,0
DA:396,0
DA:397,0
DA:399,0
DA:400,0
DA:405,0
DA:406,0
DA:407,0
DA:408,0
DA:411,0
DA:412,0
DA:413,0
DA:416,0
DA:417,0
DA:419,0
DA:420,0
DA:421,0
DA:424,0
DA:431,0
DA:434,0
DA:440,0
DA:446,0
DA:452,0
DA:453,0
DA:460,0
DA:461,0
DA:462,0
DA:463,0
DA:466,0
DA:467,0
DA:469,0
DA:471,0
DA:472,0
DA:475,0
DA:477,0
DA:479,0
DA:480,0
DA:486,1
LF:246
LH:25
BRDA:50,0,0,0
BRDA:50,0,1,0
BRDA:67,1,0,0
BRDA:67,1,1,0
BRDA:74,2,0,0
BRDA:74,2,1,0
BRDA:86,3,0,0
BRDA:86,3,1,0
BRDA:93,4,0,0
BRDA:93,4,1,0
BRDA:110,5,0,0
BRDA:110,5,1,0
BRDA:119,6,0,0
BRDA:119,6,1,0
BRDA:128,7,0,0
BRDA:128,7,1,0
BRDA:143,8,0,0
BRDA:143,8,1,0
BRDA:170,9,0,0
BRDA:170,9,1,0
BRDA:178,10,0,0
BRDA:178,10,1,0
BRDA:188,11,0,0
BRDA:188,11,1,0
BRDA:191,12,0,0
BRDA:191,12,1,0
BRDA:201,13,0,0
BRDA:201,13,1,0
BRDA:206,14,0,0
BRDA:206,14,1,0
BRDA:215,15,0,0
BRDA:215,15,1,0
BRDA:217,16,0,0
BRDA:217,16,1,0
BRDA:229,17,0,0
BRDA:229,17,1,0
BRDA:232,18,0,0
BRDA:232,18,1,0
BRDA:249,19,0,0
BRDA:249,19,1,0
BRDA:256,20,0,0
BRDA:256,20,1,0
BRDA:265,21,0,0
BRDA:265,21,1,0
BRDA:293,22,0,0
BRDA:293,22,1,0
BRDA:293,23,0,0
BRDA:293,23,1,0
BRDA:299,24,0,0
BRDA:299,24,1,0
BRDA:305,25,0,0
BRDA:305,25,1,0
BRDA:338,26,0,0
BRDA:338,26,1,0
BRDA:345,27,0,0
BRDA:345,27,1,0
BRDA:371,28,0,0
BRDA:371,28,1,0
BRDA:380,29,0,0
BRDA:380,29,1,0
BRDA:386,30,0,0
BRDA:386,30,1,0
BRDA:406,31,0,0
BRDA:406,31,1,0
BRDA:411,32,0,0
BRDA:411,32,1,0
BRDA:419,33,0,0
BRDA:419,33,1,0
BRDA:461,34,0,0
BRDA:461,34,1,0
BRF:70
BRH:0
end_of_record
TN:
SF:models/Channel.js
FNF:0
FNH:0
DA:1,1
DA:3,1
DA:11,1
LF:3
LH:3
BRF:0
BRH:0
end_of_record
TN:
SF:models/Message.js
FNF:0
FNH:0
DA:1,1
DA:2,1
DA:4,1
DA:12,1
LF:4
LH:4
BRF:0
BRH:0
end_of_record
TN:
SF:models/User.js
FNF:0
FNH:0
DA:1,1
DA:3,1
DA:19,1
LF:3
LH:3
BRF:0
BRH:0
end_of_record
